C51 COMPILER V9.54   MAIN                                                                  02/03/2023 12:03:50 PAGE 1   


C51 COMPILER V9.54, COMPILATION OF MODULE MAIN
OBJECT MODULE PLACED IN .\Objects\main.obj
COMPILER INVOKED BY: D:\Keil5 C51\C51\BIN\C51.EXE main.c OPTIMIZE(8,SPEED) BROWSE DEBUG OBJECTEXTEND PRINT(.\Listings\ma
                    -in.lst) OBJECT(.\Objects\main.obj)

line level    source

   1          #include <REGX52.H>
   2          #include <INTRINS.H>
   3          #include "Delay.h"
   4          
   5          int NixieTable[]={0x3F,0x06,0x5B,0x4F,0x66,0x6D,0x7D,0x07,0x7F,0x6F,0x77,0x7C,0x39,0x5E,0x79,0x71,0x00};
   6          //int AFNull[]={0x77,0x7C,0x39,0x5E,0x79,0x71,0x00};
   7          
   8          void Nixie(unsigned char NixieNum,DisplayNum)
   9          {
  10   1              switch(NixieNum)
  11   1              {
  12   2                      case 8:P2_4=0, P2_3=0, P2_2=0;break;
  13   2                      case 7:P2_4=0, P2_3=0, P2_2=1;break;
  14   2                      case 6:P2_4=0, P2_3=1, P2_2=0;break;
  15   2                      case 5:P2_4=0, P2_3=1, P2_2=1;break;
  16   2                      case 4:P2_4=1, P2_3=0, P2_2=0;break;
  17   2                      case 3:P2_4=1, P2_3=0, P2_2=1;break;
  18   2                      case 2:P2_4=1, P2_3=1, P2_2=0;break;
  19   2                      case 1:P2_4=1, P2_3=1, P2_2=1;break;
  20   2              }
  21   1              P0=NixieTable[DisplayNum];
  22   1      }
  23          
  24          
  25          
  26          void main()
  27          {
  28   1      char a=0;
  29   1      char b=0;       
  30   1              while(1)
  31   1              {
  32   2                      if(a<=10)
  33   2                      {
  34   3                      Delay(500);
  35   3                      Nixie(b,a);
  36   3                      Delay(500);
  37   3                      a++;
  38   3                              if(a==10)
  39   3                              {
  40   4                              a=0;
  41   4                              }
  42   3                      }
  43   2                      
  44   2                      /*Nixie(1,7);
  45   2                      Delay(500);
  46   2                      Nixie(3,8);
  47   2                      Delay(500);
  48   2                      Nixie(4,9);
  49   2                      Delay(3);
  50   2                      Nixie(5,10);
  51   2                      Delay(3);*/
  52   2                      
  53   2              }
  54   1      }
C51 COMPILER V9.54   MAIN                                                                  02/03/2023 12:03:50 PAGE 2   



MODULE INFORMATION:   STATIC OVERLAYABLE
   CODE SIZE        =    154    ----
   CONSTANT SIZE    =   ----    ----
   XDATA SIZE       =   ----    ----
   PDATA SIZE       =   ----    ----
   DATA SIZE        =     34       2
   IDATA SIZE       =   ----    ----
   BIT SIZE         =   ----    ----
END OF MODULE INFORMATION.


C51 COMPILATION COMPLETE.  0 WARNING(S),  0 ERROR(S)
