C51 COMPILER V9.54   MAIN                                                                  02/04/2023 16:04:19 PAGE 1   


C51 COMPILER V9.54, COMPILATION OF MODULE MAIN
OBJECT MODULE PLACED IN .\Objects\main.obj
COMPILER INVOKED BY: D:\Keil5 C51\C51\BIN\C51.EXE main.c OPTIMIZE(8,SPEED) BROWSE DEBUG OBJECTEXTEND PRINT(.\Listings\ma
                    -in.lst) OBJECT(.\Objects\main.obj)

line level    source

   1          #include <REGX52.H>
   2          #include "DELAY.H"
   3          
   4          int dot[]={0x00,0x01,0x02,0x1C,0xF4,0x54,0x5C,0xFF};
   5          void columecontent(int input);
   6          
   7          sbit copy=P3^5;
   8          sbit writein=P3^4;
   9          sbit downone=P3^6;
  10          
  11          //void RowSelect(int RowNum,input);
  12          
  13          void Timer0(void)               //20??@11.0592MHz
  14          {
  15   1              TMOD &= 0xF0;                   //???????
  16   1              TMOD |= 0x01;                   //???????
  17   1              TL0 = 0x00;                             //???????
  18   1              TH0 = 0xB8;                             //???????
  19   1              TF0 = 0;                                //??TF0??
  20   1              TR0 = 1;
  21   1              ET0=1;
  22   1              EA=1;
  23   1              PT0=0;
  24   1      }
  25          
  26          void last() interrupt 1
  27          {
  28   1              static unsigned int T0Count;
  29   1              TL0 = 0x00;                             
  30   1              TH0 = 0xB8;     
  31   1              T0Count++;
  32   1              if(T0Count>=50)
  33   1              {
  34   2              T0Count=0;
  35   2                      while(1)
  36   2                      {
  37   3                      RowSelect(0,dot[0]);     
*** WARNING C206 IN LINE 37 OF main.c: 'RowSelect': missing function-prototype
*** ERROR C267 IN LINE 37 OF main.c: 'RowSelect': requires ANSI-style prototype
  38   3                      Delay(2);       
  39   3                      RowSelect(1,dot[0]);    
  40   3                      Delay(2);
  41   3                      RowSelect(2,dot[0]);    
  42   3                      Delay(2);
  43   3                      RowSelect(3,dot[0]);    
  44   3                      Delay(2);
  45   3                      RowSelect(4,dot[7]);    
  46   3                      Delay(2);
  47   3                      RowSelect(5,dot[0]);    
  48   3                      Delay(2);
  49   3                      RowSelect(6,dot[0]);
  50   3                      Delay(2);
  51   3                      RowSelect(7,dot[0]);    
  52   3                      Delay(2);
C51 COMPILER V9.54   MAIN                                                                  02/04/2023 16:04:19 PAGE 2   

  53   3                      downone=0;
  54   3                      copy=0; 
  55   3                      }
  56   2              }
  57   1      }
  58          
  59          void columecontent(int input)  //写入列的数据
  60          {
  61   1              unsigned char i;
  62   1              for(i=0;i<8;i++)
  63   1              {
  64   2                      writein=input&(0x80>>i);
  65   2                      downone=1;
  66   2                      downone=0;
  67   2              }
  68   1              copy=1;
  69   1              copy=0;
  70   1      }
  71          
  72          void RowSelect(int RowNum,input)                //unsigned char
  73          {
*** ERROR C231 IN LINE 73 OF main.c: 'RowSelect': redefinition
  74   1      columecontent(input);
  75   1      P0 = ~(0x80>>RowNum);
  76   1      }
*** ERROR C231 IN LINE 76 OF main.c: 'RowSelect': redefinition
  77          
  78          
  79          void main()
  80          {
  81   1              
  82   1              Timer0();
  83   1              while(1)
  84   1              {
  85   2              RowSelect(0,dot[0]);     
  86   2              Delay(2);       
  87   2              RowSelect(1,dot[1]);    
  88   2              Delay(2);
  89   2              RowSelect(2,dot[2]);    
  90   2              Delay(2);
  91   2              RowSelect(3,dot[3]);    
  92   2              Delay(2);
  93   2              RowSelect(4,dot[4]);    
  94   2              Delay(2);
  95   2              RowSelect(5,dot[5]);    
  96   2              Delay(2);
  97   2              RowSelect(6,dot[6]);
  98   2              Delay(2);
  99   2              RowSelect(7,dot[0]);    
 100   2              Delay(2);
 101   2              downone=0;
 102   2              copy=0; 
 103   2              }
 104   1              
 105   1      }

C51 COMPILATION COMPLETE.  1 WARNING(S),  3 ERROR(S)
