C51 COMPILER V9.54   NIXIE                                                                 02/03/2023 22:13:32 PAGE 1   


C51 COMPILER V9.54, COMPILATION OF MODULE NIXIE
OBJECT MODULE PLACED IN .\Objects\Nixie.obj
COMPILER INVOKED BY: D:\Keil5 C51\C51\BIN\C51.EXE Nixie.c OPTIMIZE(8,SPEED) BROWSE DEBUG OBJECTEXTEND PRINT(.\Listings\N
                    -ixie.lst) OBJECT(.\Objects\Nixie.obj)

line level    source

   1          #include <REGX52.H>
   2          #include <INTRINS.H>
   3          #include "Delay.h"
   4          
   5          int NixieTable[]={0x3F,0x06,0x5B,0x4F,0x66,0x6D,0x7D,0x07,0x7F,0x6F,0x77,0x7C,0x39,0x5E,0x79,0x71,0x00};
   6          //int AFNull[]={0x77,0x7C,0x39,0x5E,0x79,0x71,0x00};
   7          
   8          void Nixie(unsigned char NixieNum,DisplayNum)
   9          {
  10   1              switch(NixieNum)
  11   1              {
  12   2                      case 8:P2_4=0, P2_3=0, P2_2=0;break;
  13   2                      case 7:P2_4=0, P2_3=0, P2_2=1;break;
  14   2                      case 6:P2_4=0, P2_3=1, P2_2=0;break;
  15   2                      case 5:P2_4=0, P2_3=1, P2_2=1;break;
  16   2                      case 4:P2_4=1, P2_3=0, P2_2=0;break;
  17   2                      case 3:P2_4=1, P2_3=0, P2_2=1;break;
  18   2                      case 2:P2_4=1, P2_3=1, P2_2=0;break;
  19   2                      case 1:P2_4=1, P2_3=1, P2_2=1;break;
  20   2              }
  21   1              P0=NixieTable[DisplayNum];
  22   1      }


MODULE INFORMATION:   STATIC OVERLAYABLE
   CODE SIZE        =    102    ----
   CONSTANT SIZE    =   ----    ----
   XDATA SIZE       =   ----    ----
   PDATA SIZE       =   ----    ----
   DATA SIZE        =     34    ----
   IDATA SIZE       =   ----    ----
   BIT SIZE         =   ----    ----
END OF MODULE INFORMATION.


C51 COMPILATION COMPLETE.  0 WARNING(S),  0 ERROR(S)
