C51 COMPILER V9.54   MAIN                                                                  02/06/2023 23:46:24 PAGE 1   


C51 COMPILER V9.54, COMPILATION OF MODULE MAIN
OBJECT MODULE PLACED IN .\Objects\main.obj
COMPILER INVOKED BY: D:\Keil5 C51\C51\BIN\C51.EXE main.c OPTIMIZE(8,SPEED) BROWSE DEBUG OBJECTEXTEND PRINT(.\Listings\ma
                    -in.lst) OBJECT(.\Objects\main.obj)

line level    source

   1          #include <REGX52.H>
   2          #include "Nixie.h"
   3          #include "DELAY.H"
   4          #include "KEY.h"
   5          
   6          int Sec=2,Min=0,Hour=0;
   7          
   8          void Timer0_Init(void)          //11.0592MHz
   9          {
  10   1              TMOD &= 0xF0;
  11   1              TMOD |= 0x01;
  12   1              TL0 = 0x66;     
  13   1              TH0 = 0xFC;     
  14   1              TF0 = 0;                                
  15   1              TR0 = 1;
  16   1              ET0=1;
  17   1              EA=1;
  18   1              PT0=0;
  19   1      }
  20          
  21          void R1() interrupt 1
  22          {
  23   1              static unsigned int T0Count;
  24   1              TL0 = 0x66;     
  25   1              TH0 = 0xFC;     
  26   1              T0Count++;
  27   1              if(T0Count>=1000)
  28   1              {
  29   2                      T0Count=0;
  30   2                      Sec--;          //sec=0 min=0 hour=0  reset=24
  31   2                      if(Sec==-1)
  32   2                      {
  33   3                              Sec=9;          
  34   3                              Min--;
  35   3                              if(Min==-1)
  36   3                              {
  37   4                                      Min=0;
  38   4                                      Hour--;
  39   4                                      if((Hour==-1)&&(Sec==9)&&(Min==0))
  40   4                                      {
  41   5                                              Sec=4;
  42   5                                              Min=2;
  43   5                                              Hour=0; 
  44   5                                      }
  45   4                              }
  46   3                      }
  47   2              }
  48   1      }
  49          
  50          
  51          void main()
  52          {
  53   1      //      Timer0_Init();          //错误原因没有在主函数当中加入定时器函数
  54   1              while(1)
C51 COMPILER V9.54   MAIN                                                                  02/06/2023 23:46:24 PAGE 2   

  55   1              {
  56   2              //Timer0_Init();
  57   2              Delay(3);
  58   2              //Nixie(6,Hour);
  59   2              Delay(3);
  60   2              Nixie(7,Min);
  61   2              Delay(3);
  62   2              Nixie(8,Sec);
  63   2                      switch(Key())
  64   2                      {
  65   3                              case 1 :        EA0=~(EA0);
*** ERROR C202 IN LINE 65 OF main.c: 'EA0': undefined identifier
  66   3                                                      break;
  67   3                              case 2 :        Sec=0;
  68   3                                                      Min=0;
  69   3                                                      break;
  70   3                              case 4 :        Timer0_Init();
  71   3                                                      break;
  72   3                      }
  73   2                      
  74   2                      
  75   2                      
  76   2              }
  77   1                      
  78   1              
  79   1      }

C51 COMPILATION COMPLETE.  0 WARNING(S),  1 ERROR(S)
