C51 COMPILER V9.54   MAIN                                                                  02/06/2023 23:17:40 PAGE 1   


C51 COMPILER V9.54, COMPILATION OF MODULE MAIN
OBJECT MODULE PLACED IN .\Objects\main.obj
COMPILER INVOKED BY: D:\Keil5 C51\C51\BIN\C51.EXE main.c OPTIMIZE(8,SPEED) BROWSE DEBUG OBJECTEXTEND PRINT(.\Listings\ma
                    -in.lst) OBJECT(.\Objects\main.obj)

line level    source

   1          #include <REGX52.H>
   2          #include "Nixie.h"
   3          #include "DELAY.H"
   4          int Sec=2,Min=0,Hour=0;
   5          
   6          void Timer0_Init(void)          //11.0592MHz
   7          {
   8   1              TMOD &= 0xF0;
   9   1              TMOD |= 0x01;
  10   1              TL0 = 0x66;     
  11   1              TH0 = 0xFC;     
  12   1              TF0 = 0;                                
  13   1              TR0 = 1;
  14   1              ET0=1;
  15   1              EA=1;
  16   1              PT0=0;
  17   1      }
  18          
  19          void R1() interrupt 1
  20          {
  21   1              static unsigned int T0Count;
  22   1              TL0 = 0x66;     
  23   1              TH0 = 0xFC;     
  24   1              T0Count++;
  25   1              if(T0Count>=1000)
  26   1              {
  27   2                      T0Count=0;
  28   2                      Sec--;          //sec=0 min=0 hour=0  reset=24
  29   2                      if(Sec==-1)
  30   2                      {
  31   3                              Sec=9;          
  32   3                              Min--;
  33   3                              if(Min==-1)
  34   3                              {
  35   4                                      Min=0;
  36   4                                      Hour--;
  37   4                                      if((Hour==-1)&&(Sec==9)&&(Min==0))
  38   4                                      {
  39   5                                              Sec=4;
  40   5                                              Min=2;
  41   5                                              Hour=0; 
  42   5                                      }
  43   4                              }
  44   3                      }
  45   2              }
  46   1      }
  47          
  48          
  49          void main()
  50          {
  51   1      //      Timer0_Init();          //错误原因没有在主函数当中加入定时器函数
  52   1              while(1)
  53   1              {
  54   2              Delay(3);
C51 COMPILER V9.54   MAIN                                                                  02/06/2023 23:17:40 PAGE 2   

  55   2              Nixie(6,Hour);
  56   2              Delay(3);
  57   2              Nixie(7,Min);
  58   2              Delay(3);
  59   2              Nixie(8,Sec);
  60   2                      if(P3_1==0)
  61   2                      {
  62   3                      while(P3_1==0);
  63   3                      Sec=0;
  64   3                      Min=0;
  65   3                      }
  66   2                      if(P3_0==0)
  67   2                      {
  68   3                      while(P3_0==0);
  69   3                      Timer0_Init();
  70   3                      }
  71   2                      if(P3_2==0)
  72   2                      {
  73   3                      while(P3_2==0);
  74   3                      ET0=~(ET0);
  75   3                      }
  76   2              }
  77   1                      
  78   1              
  79   1      }


MODULE INFORMATION:   STATIC OVERLAYABLE
   CODE SIZE        =    236    ----
   CONSTANT SIZE    =   ----    ----
   XDATA SIZE       =   ----    ----
   PDATA SIZE       =   ----    ----
   DATA SIZE        =      8    ----
   IDATA SIZE       =   ----    ----
   BIT SIZE         =   ----    ----
END OF MODULE INFORMATION.


C51 COMPILATION COMPLETE.  0 WARNING(S),  0 ERROR(S)
