C51 COMPILER V9.54   MAIN                                                                  02/03/2023 21:51:11 PAGE 1   


C51 COMPILER V9.54, COMPILATION OF MODULE MAIN
OBJECT MODULE PLACED IN .\Objects\main.obj
COMPILER INVOKED BY: D:\Keil5 C51\C51\BIN\C51.EXE main.c OPTIMIZE(8,SPEED) BROWSE DEBUG OBJECTEXTEND PRINT(.\Listings\ma
                    -in.lst) OBJECT(.\Objects\main.obj)

line level    source

   1          #include <REGX52.H>
   2          #include "Delay.h"
   3          //#include "LCD1602.h"
   4          #include "Timer0.h"
   5          #include "NIXIE.H"
   6          
   7          char Sec=2,Min=1,Hour=0;
   8          
   9          void main()
  10          {
  11   1              Timer0Init();
  12   1              
  13   1              while(1)
  14   1              {
  15   2                      Nixie(5,Hour);
  16   2                      
  17   2                      Nixie(6,Min);
  18   2                      
  19   2                      Nixie(7,Sec);
  20   2              }
  21   1      }
  22          
  23          void Timer0_Routine() interrupt 1
  24          {
  25   1              static unsigned int T0Count;
  26   1              TL0 = 0x18;     
  27   1              TH0 = 0xFC;     
  28   1              T0Count++;
  29   1              if(T0Count>=1000)
  30   1              {
  31   2                      T0Count=0;
  32   2                      Sec--;
  33   2                      if(Sec==-1)
  34   2                      {
  35   3                              Sec=9;
  36   3                              Min--;
  37   3                              if((Min==-1)&&(Sec==9))
  38   3                              {
  39   4                                      Min=2;
  40   4                                      Sec=4;
  41   4      //                              Hour--;
  42   4      //                              if(Hour==-1)
  43   4      //                              {
  44   4      //                                      Hour=0;
  45   4      //                                      if()
  46   4      //                                      {
  47   4      //                                      Sec=4;
  48   4      //                                      Min=2;
  49   4      //                                      }
  50   4      //                              }
  51   4                              }
  52   3                      }
  53   2              }
  54   1      }
C51 COMPILER V9.54   MAIN                                                                  02/03/2023 21:51:11 PAGE 2   

  55          


MODULE INFORMATION:   STATIC OVERLAYABLE
   CODE SIZE        =    107    ----
   CONSTANT SIZE    =   ----    ----
   XDATA SIZE       =   ----    ----
   PDATA SIZE       =   ----    ----
   DATA SIZE        =      5    ----
   IDATA SIZE       =   ----    ----
   BIT SIZE         =   ----    ----
END OF MODULE INFORMATION.


C51 COMPILATION COMPLETE.  0 WARNING(S),  0 ERROR(S)
