C51 COMPILER V9.54   MAIN                                                                  02/20/2023 12:43:07 PAGE 1   


C51 COMPILER V9.54, COMPILATION OF MODULE MAIN
OBJECT MODULE PLACED IN .\Objects\main.obj
COMPILER INVOKED BY: D:\Keil5 C51\C51\BIN\C51.EXE main.c OPTIMIZE(8,SPEED) BROWSE DEBUG OBJECTEXTEND PRINT(.\Listings\ma
                    -in.lst) OBJECT(.\Objects\main.obj)

line level    source

   1          #include <REGX52.H>
   2          //#include "LCD1602.h"
   3          #include "DS1302.h"
   4          #include "NIXIE.H"
   5          #include "DELAY.H"
   6          
   7          
   8          void main()
   9          {
  10   1              DS1302_SetTime();//设置时间 
  11   1              while(1)
  12   1              {
  13   2                      DS1302_ReadTime();//读取时间
  14   2                      Delay(1);
  15   2                      Nixie(1,DS1302_Time[4]);
  16   2                      Delay(1);
  17   2                      Nixie(2,DS1302_Time2[4]);               
  18   2                      Delay(1);
  19   2                      Nixie(3,DS1302_Time[5]);
  20   2                      Delay(1);
  21   2                      Nixie(4,DS1302_Time2[5]);
  22   2                      Delay(1);
  23   2              }
  24   1      }
  25          
  26          
  27          
  28          


MODULE INFORMATION:   STATIC OVERLAYABLE
   CODE SIZE        =     83    ----
   CONSTANT SIZE    =   ----    ----
   XDATA SIZE       =   ----    ----
   PDATA SIZE       =   ----    ----
   DATA SIZE        =   ----    ----
   IDATA SIZE       =   ----    ----
   BIT SIZE         =   ----    ----
END OF MODULE INFORMATION.


C51 COMPILATION COMPLETE.  0 WARNING(S),  0 ERROR(S)
